build/app/intermediates/manifest_merge_blame_file/debug/manifest-merger-blame-debug-report.txt
1<?xml version="1.0" encoding="utf-8"?>
2<manifest xmlns:android="http://schemas.android.com/apk/res/android"
3    package="com.meddetect.capstone"
4    android:versionCode="1"
5    android:versionName="1.0.0" >
6
7    <uses-sdk
8        android:minSdkVersion="21"
9        android:targetSdkVersion="33" />
10    <!--
11         The INTERNET permission is required for development. Specifically,
12         the Flutter tool needs it to communicate with the running application
13         to allow setting breakpoints, to provide hot reload, etc.
14    -->
15    <uses-permission android:name="android.permission.INTERNET" />
15-->src\main\AndroidManifest.xml:9:5-67
15-->src\main\AndroidManifest.xml:9:22-64
16    <uses-permission android:name="android.permission.CAMERA" />
16-->src\main\AndroidManifest.xml:2:5-65
16-->src\main\AndroidManifest.xml:2:22-62
17
18    <uses-feature
18-->src\main\AndroidManifest.xml:3:5-83
19        android:name="android.hardware.camera"
19-->src\main\AndroidManifest.xml:3:19-57
20        android:required="true" />
20-->src\main\AndroidManifest.xml:3:58-81
21    <uses-feature
21-->src\main\AndroidManifest.xml:4:5-93
22        android:name="android.hardware.camera.autofocus"
22-->src\main\AndroidManifest.xml:4:19-67
23        android:required="true" />
23-->src\main\AndroidManifest.xml:4:68-91
24
25    <uses-permission android:name="android.permission.READ_EXTERNAL_STORAGE" />
25-->src\main\AndroidManifest.xml:5:5-79
25-->src\main\AndroidManifest.xml:5:22-77
26    <uses-permission android:name="android.permission.WRITE_EXTERNAL_STORAGE" />
26-->src\main\AndroidManifest.xml:6:5-80
26-->src\main\AndroidManifest.xml:6:22-78
27    <uses-permission android:name="android.permission.POST_NOTIFICATIONS" />
27-->src\main\AndroidManifest.xml:7:5-77
27-->src\main\AndroidManifest.xml:7:22-74
28    <uses-permission android:name="android.permission.SCHEDULE_EXACT_ALARM" />
28-->src\main\AndroidManifest.xml:8:5-78
28-->src\main\AndroidManifest.xml:8:22-76
29    <uses-permission android:name="android.permission.RECORD_AUDIO" />
29-->[:camera_android] AndroidManifest.xml:10:5-71
29-->[:camera_android] AndroidManifest.xml:10:22-68
30    <uses-permission android:name="android.permission.BROADCAST_CLOSE_SYSTEM_DIALOGS" />
30-->[:awesome_notifications] AndroidManifest.xml:10:5-89
30-->[:awesome_notifications] AndroidManifest.xml:10:22-86
31    <uses-permission android:name="android.permission.RECEIVE_BOOT_COMPLETED" />
31-->[:awesome_notifications] AndroidManifest.xml:11:5-81
31-->[:awesome_notifications] AndroidManifest.xml:11:22-78
32    <uses-permission android:name="android.permission.VIBRATE" />
32-->[:awesome_notifications] AndroidManifest.xml:12:5-66
32-->[:awesome_notifications] AndroidManifest.xml:12:22-63
33    <uses-permission
33-->[me.carda:AndroidAwnCore:0.9.3] AndroidManifest.xml:10:5-12:38
34        android:name="android.permission.BIND_NOTIFICATION_LISTENER_SERVICE"
34-->[me.carda:AndroidAwnCore:0.9.3] AndroidManifest.xml:11:9-77
35        android:maxSdkVersion="22" />
35-->[me.carda:AndroidAwnCore:0.9.3] AndroidManifest.xml:12:9-35
36    <uses-permission android:name="android.permission.ACCESS_NETWORK_STATE" />
36-->[com.google.firebase:firebase-auth:22.3.1] AndroidManifest.xml:26:5-79
36-->[com.google.firebase:firebase-auth:22.3.1] AndroidManifest.xml:26:22-76
37    <uses-permission android:name="com.google.android.providers.gsf.permission.READ_GSERVICES" />
37-->[com.google.android.recaptcha:recaptcha:18.4.0] AndroidManifest.xml:9:5-98
37-->[com.google.android.recaptcha:recaptcha:18.4.0] AndroidManifest.xml:9:22-95
38
39    <permission
39-->[androidx.core:core:1.10.1] AndroidManifest.xml:22:5-24:47
40        android:name="com.meddetect.capstone.DYNAMIC_RECEIVER_NOT_EXPORTED_PERMISSION"
40-->[androidx.core:core:1.10.1] AndroidManifest.xml:23:9-81
41        android:protectionLevel="signature" />
41-->[androidx.core:core:1.10.1] AndroidManifest.xml:24:9-44
42
43    <uses-permission android:name="com.meddetect.capstone.DYNAMIC_RECEIVER_NOT_EXPORTED_PERMISSION" /> <!-- for android -->
43-->[androidx.core:core:1.10.1] AndroidManifest.xml:26:5-97
43-->[androidx.core:core:1.10.1] AndroidManifest.xml:26:22-94
44    <!-- <uses-permission android:name="com.android.launcher.permission.READ_SETTINGS"/> -->
45    <!-- <uses-permission android:name="com.android.launcher.permission.WRITE_SETTINGS"/> -->
46    <!-- <uses-permission android:name="com.android.launcher.permission.INSTALL_SHORTCUT" /> -->
47    <!-- <uses-permission android:name="com.android.launcher.permission.UNINSTALL_SHORTCUT" /> -->
48    <!-- for Samsung -->
49    <uses-permission android:name="com.sec.android.provider.badge.permission.READ" />
49-->[me.leolin:ShortcutBadger:1.1.22] AndroidManifest.xml:19:5-86
49-->[me.leolin:ShortcutBadger:1.1.22] AndroidManifest.xml:19:22-83
50    <uses-permission android:name="com.sec.android.provider.badge.permission.WRITE" /> <!-- for htc -->
50-->[me.leolin:ShortcutBadger:1.1.22] AndroidManifest.xml:20:5-87
50-->[me.leolin:ShortcutBadger:1.1.22] AndroidManifest.xml:20:22-84
51    <uses-permission android:name="com.htc.launcher.permission.READ_SETTINGS" />
51-->[me.leolin:ShortcutBadger:1.1.22] AndroidManifest.xml:23:5-81
51-->[me.leolin:ShortcutBadger:1.1.22] AndroidManifest.xml:23:22-78
52    <uses-permission android:name="com.htc.launcher.permission.UPDATE_SHORTCUT" /> <!-- for sony -->
52-->[me.leolin:ShortcutBadger:1.1.22] AndroidManifest.xml:24:5-83
52-->[me.leolin:ShortcutBadger:1.1.22] AndroidManifest.xml:24:22-80
53    <uses-permission android:name="com.sonyericsson.home.permission.BROADCAST_BADGE" />
53-->[me.leolin:ShortcutBadger:1.1.22] AndroidManifest.xml:27:5-88
53-->[me.leolin:ShortcutBadger:1.1.22] AndroidManifest.xml:27:22-85
54    <uses-permission android:name="com.sonymobile.home.permission.PROVIDER_INSERT_BADGE" /> <!-- for apex -->
54-->[me.leolin:ShortcutBadger:1.1.22] AndroidManifest.xml:28:5-92
54-->[me.leolin:ShortcutBadger:1.1.22] AndroidManifest.xml:28:22-89
55    <uses-permission android:name="com.anddoes.launcher.permission.UPDATE_COUNT" /> <!-- for solid -->
55-->[me.leolin:ShortcutBadger:1.1.22] AndroidManifest.xml:31:5-84
55-->[me.leolin:ShortcutBadger:1.1.22] AndroidManifest.xml:31:22-81
56    <uses-permission android:name="com.majeur.launcher.permission.UPDATE_BADGE" /> <!-- for huawei -->
56-->[me.leolin:ShortcutBadger:1.1.22] AndroidManifest.xml:34:5-83
56-->[me.leolin:ShortcutBadger:1.1.22] AndroidManifest.xml:34:22-80
57    <uses-permission android:name="com.huawei.android.launcher.permission.CHANGE_BADGE" />
57-->[me.leolin:ShortcutBadger:1.1.22] AndroidManifest.xml:37:5-91
57-->[me.leolin:ShortcutBadger:1.1.22] AndroidManifest.xml:37:22-88
58    <uses-permission android:name="com.huawei.android.launcher.permission.READ_SETTINGS" />
58-->[me.leolin:ShortcutBadger:1.1.22] AndroidManifest.xml:38:5-92
58-->[me.leolin:ShortcutBadger:1.1.22] AndroidManifest.xml:38:22-89
59    <uses-permission android:name="com.huawei.android.launcher.permission.WRITE_SETTINGS" /> <!-- for ZUK -->
59-->[me.leolin:ShortcutBadger:1.1.22] AndroidManifest.xml:39:5-93
59-->[me.leolin:ShortcutBadger:1.1.22] AndroidManifest.xml:39:22-90
60    <uses-permission android:name="android.permission.READ_APP_BADGE" /> <!-- for OPPO -->
60-->[me.leolin:ShortcutBadger:1.1.22] AndroidManifest.xml:42:5-73
60-->[me.leolin:ShortcutBadger:1.1.22] AndroidManifest.xml:42:22-70
61    <uses-permission android:name="com.oppo.launcher.permission.READ_SETTINGS" />
61-->[me.leolin:ShortcutBadger:1.1.22] AndroidManifest.xml:45:5-82
61-->[me.leolin:ShortcutBadger:1.1.22] AndroidManifest.xml:45:22-79
62    <uses-permission android:name="com.oppo.launcher.permission.WRITE_SETTINGS" /> <!-- for EvMe -->
62-->[me.leolin:ShortcutBadger:1.1.22] AndroidManifest.xml:46:5-83
62-->[me.leolin:ShortcutBadger:1.1.22] AndroidManifest.xml:46:22-80
63    <uses-permission android:name="me.everything.badger.permission.BADGE_COUNT_READ" />
63-->[me.leolin:ShortcutBadger:1.1.22] AndroidManifest.xml:49:5-88
63-->[me.leolin:ShortcutBadger:1.1.22] AndroidManifest.xml:49:22-85
64    <uses-permission android:name="me.everything.badger.permission.BADGE_COUNT_WRITE" />
64-->[me.leolin:ShortcutBadger:1.1.22] AndroidManifest.xml:50:5-89
64-->[me.leolin:ShortcutBadger:1.1.22] AndroidManifest.xml:50:22-86
65
66    <application
67        android:name="android.app.Application"
68        android:appComponentFactory="androidx.core.app.CoreComponentFactory"
68-->[androidx.core:core:1.10.1] AndroidManifest.xml:28:18-86
69        android:debuggable="true"
70        android:icon="@mipmap/ic_launcher"
71        android:label="MedDetect"
72        android:networkSecurityConfig="@xml/network_security_config" >
73        <activity
74            android:name="com.meddetect.capstone.MainActivity"
75            android:configChanges="orientation|keyboardHidden|keyboard|screenSize|smallestScreenSize|locale|layoutDirection|fontScale|screenLayout|density|uiMode"
76            android:exported="true"
77            android:hardwareAccelerated="true"
78            android:launchMode="singleTop"
79            android:theme="@style/LaunchTheme"
80            android:windowSoftInputMode="adjustResize" >
81            <meta-data
82                android:name="io.flutter.embedding.android.NormalTheme"
83                android:resource="@style/NormalTheme" />
84
85            <intent-filter>
86                <action android:name="android.intent.action.MAIN" />
87
88                <category android:name="android.intent.category.LAUNCHER" />
89            </intent-filter>
90        </activity>
91
92        <meta-data
93            android:name="flutterEmbedding"
94            android:value="2" />
95
96        <service
96-->[:firebase_auth] AndroidManifest.xml:10:9-14:19
97            android:name="com.google.firebase.components.ComponentDiscoveryService"
97-->[:firebase_auth] AndroidManifest.xml:10:18-89
98            android:directBootAware="true"
98-->[com.google.firebase:firebase-common:20.4.2] AndroidManifest.xml:32:13-43
99            android:exported="false" >
99-->[com.google.firebase:firebase-auth:22.3.1] AndroidManifest.xml:68:13-37
100            <meta-data
100-->[:firebase_auth] AndroidManifest.xml:11:13-13:85
101                android:name="com.google.firebase.components:io.flutter.plugins.firebase.auth.FlutterFirebaseAuthRegistrar"
101-->[:firebase_auth] AndroidManifest.xml:12:17-124
102                android:value="com.google.firebase.components.ComponentRegistrar" />
102-->[:firebase_auth] AndroidManifest.xml:13:17-82
103            <meta-data
103-->[:firebase_core] AndroidManifest.xml:11:13-13:85
104                android:name="com.google.firebase.components:io.flutter.plugins.firebase.core.FlutterFirebaseCoreRegistrar"
104-->[:firebase_core] AndroidManifest.xml:12:17-124
105                android:value="com.google.firebase.components.ComponentRegistrar" />
105-->[:firebase_core] AndroidManifest.xml:13:17-82
106            <meta-data
106-->[com.google.firebase:firebase-auth:22.3.1] AndroidManifest.xml:69:13-71:85
107                android:name="com.google.firebase.components:com.google.firebase.auth.FirebaseAuthRegistrar"
107-->[com.google.firebase:firebase-auth:22.3.1] AndroidManifest.xml:70:17-109
108                android:value="com.google.firebase.components.ComponentRegistrar" />
108-->[com.google.firebase:firebase-auth:22.3.1] AndroidManifest.xml:71:17-82
109            <meta-data
109-->[com.google.firebase:firebase-common-ktx:20.4.2] AndroidManifest.xml:12:13-14:85
110                android:name="com.google.firebase.components:com.google.firebase.ktx.FirebaseCommonLegacyRegistrar"
110-->[com.google.firebase:firebase-common-ktx:20.4.2] AndroidManifest.xml:13:17-116
111                android:value="com.google.firebase.components.ComponentRegistrar" />
111-->[com.google.firebase:firebase-common-ktx:20.4.2] AndroidManifest.xml:14:17-82
112            <meta-data
112-->[com.google.firebase:firebase-common:20.4.2] AndroidManifest.xml:35:13-37:85
113                android:name="com.google.firebase.components:com.google.firebase.FirebaseCommonKtxRegistrar"
113-->[com.google.firebase:firebase-common:20.4.2] AndroidManifest.xml:36:17-109
114                android:value="com.google.firebase.components.ComponentRegistrar" />
114-->[com.google.firebase:firebase-common:20.4.2] AndroidManifest.xml:37:17-82
115        </service>
116
117        <provider
117-->[:image_picker_android] AndroidManifest.xml:10:9-18:20
118            android:name="io.flutter.plugins.imagepicker.ImagePickerFileProvider"
118-->[:image_picker_android] AndroidManifest.xml:11:13-82
119            android:authorities="com.meddetect.capstone.flutter.image_provider"
119-->[:image_picker_android] AndroidManifest.xml:12:13-74
120            android:exported="false"
120-->[:image_picker_android] AndroidManifest.xml:13:13-37
121            android:grantUriPermissions="true" >
121-->[:image_picker_android] AndroidManifest.xml:14:13-47
122            <meta-data
122-->[:image_picker_android] AndroidManifest.xml:15:13-17:75
123                android:name="android.support.FILE_PROVIDER_PATHS"
123-->[:image_picker_android] AndroidManifest.xml:16:17-67
124                android:resource="@xml/flutter_image_picker_file_paths" />
124-->[:image_picker_android] AndroidManifest.xml:17:17-72
125        </provider>
126
127        <receiver
127-->[:awesome_notifications] AndroidManifest.xml:15:9-17:39
128            android:name="me.carda.awesome_notifications.DartNotificationActionReceiver"
128-->[:awesome_notifications] AndroidManifest.xml:16:13-89
129            android:exported="true" />
129-->[:awesome_notifications] AndroidManifest.xml:17:13-36
130        <receiver
130-->[:awesome_notifications] AndroidManifest.xml:18:9-20:39
131            android:name="me.carda.awesome_notifications.DartDismissedNotificationReceiver"
131-->[:awesome_notifications] AndroidManifest.xml:19:13-92
132            android:exported="true" />
132-->[:awesome_notifications] AndroidManifest.xml:20:13-36
133        <receiver
133-->[:awesome_notifications] AndroidManifest.xml:21:9-23:39
134            android:name="me.carda.awesome_notifications.DartScheduledNotificationReceiver"
134-->[:awesome_notifications] AndroidManifest.xml:22:13-92
135            android:exported="true" />
135-->[:awesome_notifications] AndroidManifest.xml:23:13-36
136        <receiver
136-->[:awesome_notifications] AndroidManifest.xml:24:9-38:20
137            android:name="me.carda.awesome_notifications.DartRefreshSchedulesReceiver"
137-->[:awesome_notifications] AndroidManifest.xml:25:13-87
138            android:enabled="true"
138-->[:awesome_notifications] AndroidManifest.xml:26:13-35
139            android:exported="true" >
139-->[:awesome_notifications] AndroidManifest.xml:27:13-36
140            <intent-filter>
140-->[:awesome_notifications] AndroidManifest.xml:28:13-37:29
141                <category android:name="android.intent.category.DEFAULT" />
141-->[:awesome_notifications] AndroidManifest.xml:29:17-76
141-->[:awesome_notifications] AndroidManifest.xml:29:27-73
142
143                <action android:name="android.intent.action.BOOT_COMPLETED" />
143-->[:awesome_notifications] AndroidManifest.xml:31:17-79
143-->[:awesome_notifications] AndroidManifest.xml:31:25-76
144                <action android:name="android.intent.action.LOCKED_BOOT_COMPLETED" />
144-->[:awesome_notifications] AndroidManifest.xml:32:17-86
144-->[:awesome_notifications] AndroidManifest.xml:32:25-83
145                <action android:name="android.intent.action.MY_PACKAGE_REPLACED" />
145-->[:awesome_notifications] AndroidManifest.xml:33:17-84
145-->[:awesome_notifications] AndroidManifest.xml:33:25-81
146                <action android:name="android.intent.action.QUICKBOOT_POWERON" />
146-->[:awesome_notifications] AndroidManifest.xml:34:17-82
146-->[:awesome_notifications] AndroidManifest.xml:34:25-79
147                <action android:name="com.htc.intent.action.QUICKBOOT_POWERON" />
147-->[:awesome_notifications] AndroidManifest.xml:35:17-82
147-->[:awesome_notifications] AndroidManifest.xml:35:25-79
148                <action android:name="android.app.action.SCHEDULE_EXACT_ALARM_PERMISSION_STATE_CHANGED" />
148-->[:awesome_notifications] AndroidManifest.xml:36:17-107
148-->[:awesome_notifications] AndroidManifest.xml:36:25-104
149            </intent-filter>
150        </receiver>
151
152        <service
152-->[:awesome_notifications] AndroidManifest.xml:40:9-43:72
153            android:name="me.carda.awesome_notifications.DartBackgroundService"
153-->[:awesome_notifications] AndroidManifest.xml:41:13-80
154            android:exported="false"
154-->[:awesome_notifications] AndroidManifest.xml:42:13-37
155            android:permission="android.permission.BIND_JOB_SERVICE" />
155-->[:awesome_notifications] AndroidManifest.xml:43:13-69
156        <service
156-->[:awesome_notifications] AndroidManifest.xml:44:9-49:43
157            android:name="me.carda.awesome_notifications.core.services.ForegroundService"
157-->[:awesome_notifications] AndroidManifest.xml:45:13-90
158            android:enabled="true"
158-->[:awesome_notifications] AndroidManifest.xml:46:13-35
159            android:exported="false"
159-->[:awesome_notifications] AndroidManifest.xml:47:13-37
160            android:foregroundServiceType="phoneCall"
160-->[:awesome_notifications] AndroidManifest.xml:48:13-54
161            android:stopWithTask="true" />
161-->[:awesome_notifications] AndroidManifest.xml:49:13-40
162        <service
162-->[me.carda:AndroidAwnCore:0.9.3] AndroidManifest.xml:21:9-28:19
163            android:name="me.carda.awesome_notifications.core.managers.StatusBarManager"
163-->[me.carda:AndroidAwnCore:0.9.3] AndroidManifest.xml:22:13-89
164            android:exported="true"
164-->[me.carda:AndroidAwnCore:0.9.3] AndroidManifest.xml:23:13-36
165            android:label="My Notification Listener Service" >
165-->[me.carda:AndroidAwnCore:0.9.3] AndroidManifest.xml:24:13-61
166            <intent-filter>
166-->[me.carda:AndroidAwnCore:0.9.3] AndroidManifest.xml:25:13-27:29
167                <action android:name="android.service.notification.NotificationListenerService" />
167-->[me.carda:AndroidAwnCore:0.9.3] AndroidManifest.xml:26:17-99
167-->[me.carda:AndroidAwnCore:0.9.3] AndroidManifest.xml:26:25-96
168            </intent-filter>
169        </service>
170
171        <activity
171-->[com.google.firebase:firebase-auth:22.3.1] AndroidManifest.xml:29:9-46:20
172            android:name="com.google.firebase.auth.internal.GenericIdpActivity"
172-->[com.google.firebase:firebase-auth:22.3.1] AndroidManifest.xml:30:13-80
173            android:excludeFromRecents="true"
173-->[com.google.firebase:firebase-auth:22.3.1] AndroidManifest.xml:31:13-46
174            android:exported="true"
174-->[com.google.firebase:firebase-auth:22.3.1] AndroidManifest.xml:32:13-36
175            android:launchMode="singleTask"
175-->[com.google.firebase:firebase-auth:22.3.1] AndroidManifest.xml:33:13-44
176            android:theme="@android:style/Theme.Translucent.NoTitleBar" >
176-->[com.google.firebase:firebase-auth:22.3.1] AndroidManifest.xml:34:13-72
177            <intent-filter>
177-->[com.google.firebase:firebase-auth:22.3.1] AndroidManifest.xml:35:13-45:29
178                <action android:name="android.intent.action.VIEW" />
178-->[com.google.firebase:firebase-auth:22.3.1] AndroidManifest.xml:36:17-69
178-->[com.google.firebase:firebase-auth:22.3.1] AndroidManifest.xml:36:25-66
179
180                <category android:name="android.intent.category.DEFAULT" />
180-->[:awesome_notifications] AndroidManifest.xml:29:17-76
180-->[:awesome_notifications] AndroidManifest.xml:29:27-73
181                <category android:name="android.intent.category.BROWSABLE" />
181-->[com.google.firebase:firebase-auth:22.3.1] AndroidManifest.xml:39:17-78
181-->[com.google.firebase:firebase-auth:22.3.1] AndroidManifest.xml:39:27-75
182
183                <data
183-->[com.google.firebase:firebase-auth:22.3.1] AndroidManifest.xml:41:17-44:51
184                    android:host="firebase.auth"
184-->[com.google.firebase:firebase-auth:22.3.1] AndroidManifest.xml:42:21-49
185                    android:path="/"
185-->[com.google.firebase:firebase-auth:22.3.1] AndroidManifest.xml:43:21-37
186                    android:scheme="genericidp" />
186-->[com.google.firebase:firebase-auth:22.3.1] AndroidManifest.xml:44:21-48
187            </intent-filter>
188        </activity>
189        <activity
189-->[com.google.firebase:firebase-auth:22.3.1] AndroidManifest.xml:47:9-64:20
190            android:name="com.google.firebase.auth.internal.RecaptchaActivity"
190-->[com.google.firebase:firebase-auth:22.3.1] AndroidManifest.xml:48:13-79
191            android:excludeFromRecents="true"
191-->[com.google.firebase:firebase-auth:22.3.1] AndroidManifest.xml:49:13-46
192            android:exported="true"
192-->[com.google.firebase:firebase-auth:22.3.1] AndroidManifest.xml:50:13-36
193            android:launchMode="singleTask"
193-->[com.google.firebase:firebase-auth:22.3.1] AndroidManifest.xml:51:13-44
194            android:theme="@android:style/Theme.Translucent.NoTitleBar" >
194-->[com.google.firebase:firebase-auth:22.3.1] AndroidManifest.xml:52:13-72
195            <intent-filter>
195-->[com.google.firebase:firebase-auth:22.3.1] AndroidManifest.xml:53:13-63:29
196                <action android:name="android.intent.action.VIEW" />
196-->[com.google.firebase:firebase-auth:22.3.1] AndroidManifest.xml:36:17-69
196-->[com.google.firebase:firebase-auth:22.3.1] AndroidManifest.xml:36:25-66
197
198                <category android:name="android.intent.category.DEFAULT" />
198-->[:awesome_notifications] AndroidManifest.xml:29:17-76
198-->[:awesome_notifications] AndroidManifest.xml:29:27-73
199                <category android:name="android.intent.category.BROWSABLE" />
199-->[com.google.firebase:firebase-auth:22.3.1] AndroidManifest.xml:39:17-78
199-->[com.google.firebase:firebase-auth:22.3.1] AndroidManifest.xml:39:27-75
200
201                <data
201-->[com.google.firebase:firebase-auth:22.3.1] AndroidManifest.xml:41:17-44:51
202                    android:host="firebase.auth"
202-->[com.google.firebase:firebase-auth:22.3.1] AndroidManifest.xml:42:21-49
203                    android:path="/"
203-->[com.google.firebase:firebase-auth:22.3.1] AndroidManifest.xml:43:21-37
204                    android:scheme="recaptcha" />
204-->[com.google.firebase:firebase-auth:22.3.1] AndroidManifest.xml:44:21-48
205            </intent-filter>
206        </activity>
207
208        <provider
208-->[com.google.firebase:firebase-common:20.4.2] AndroidManifest.xml:23:9-28:39
209            android:name="com.google.firebase.provider.FirebaseInitProvider"
209-->[com.google.firebase:firebase-common:20.4.2] AndroidManifest.xml:24:13-77
210            android:authorities="com.meddetect.capstone.firebaseinitprovider"
210-->[com.google.firebase:firebase-common:20.4.2] AndroidManifest.xml:25:13-72
211            android:directBootAware="true"
211-->[com.google.firebase:firebase-common:20.4.2] AndroidManifest.xml:26:13-43
212            android:exported="false"
212-->[com.google.firebase:firebase-common:20.4.2] AndroidManifest.xml:27:13-37
213            android:initOrder="100" />
213-->[com.google.firebase:firebase-common:20.4.2] AndroidManifest.xml:28:13-36
214
215        <service
215-->[androidx.room:room-runtime:2.5.0] AndroidManifest.xml:24:9-28:63
216            android:name="androidx.room.MultiInstanceInvalidationService"
216-->[androidx.room:room-runtime:2.5.0] AndroidManifest.xml:25:13-74
217            android:directBootAware="true"
217-->[androidx.room:room-runtime:2.5.0] AndroidManifest.xml:26:13-43
218            android:exported="false" />
218-->[androidx.room:room-runtime:2.5.0] AndroidManifest.xml:27:13-37
219
220        <uses-library
220-->[androidx.window:window:1.0.0-beta04] AndroidManifest.xml:25:9-27:40
221            android:name="androidx.window.extensions"
221-->[androidx.window:window:1.0.0-beta04] AndroidManifest.xml:26:13-54
222            android:required="false" />
222-->[androidx.window:window:1.0.0-beta04] AndroidManifest.xml:27:13-37
223        <uses-library
223-->[androidx.window:window:1.0.0-beta04] AndroidManifest.xml:28:9-30:40
224            android:name="androidx.window.sidecar"
224-->[androidx.window:window:1.0.0-beta04] AndroidManifest.xml:29:13-51
225            android:required="false" />
225-->[androidx.window:window:1.0.0-beta04] AndroidManifest.xml:30:13-37
226
227        <activity
227-->[com.google.android.gms:play-services-base:18.0.1] AndroidManifest.xml:20:9-22:45
228            android:name="com.google.android.gms.common.api.GoogleApiActivity"
228-->[com.google.android.gms:play-services-base:18.0.1] AndroidManifest.xml:20:19-85
229            android:exported="false"
229-->[com.google.android.gms:play-services-base:18.0.1] AndroidManifest.xml:22:19-43
230            android:theme="@android:style/Theme.Translucent.NoTitleBar" />
230-->[com.google.android.gms:play-services-base:18.0.1] AndroidManifest.xml:21:19-78
231
232        <provider
232-->[androidx.emoji2:emoji2:1.2.0] AndroidManifest.xml:24:9-32:20
233            android:name="androidx.startup.InitializationProvider"
233-->[androidx.emoji2:emoji2:1.2.0] AndroidManifest.xml:25:13-67
234            android:authorities="com.meddetect.capstone.androidx-startup"
234-->[androidx.emoji2:emoji2:1.2.0] AndroidManifest.xml:26:13-68
235            android:exported="false" >
235-->[androidx.emoji2:emoji2:1.2.0] AndroidManifest.xml:27:13-37
236            <meta-data
236-->[androidx.emoji2:emoji2:1.2.0] AndroidManifest.xml:29:13-31:52
237                android:name="androidx.emoji2.text.EmojiCompatInitializer"
237-->[androidx.emoji2:emoji2:1.2.0] AndroidManifest.xml:30:17-75
238                android:value="androidx.startup" />
238-->[androidx.emoji2:emoji2:1.2.0] AndroidManifest.xml:31:17-49
239            <meta-data
239-->[androidx.lifecycle:lifecycle-process:2.6.1] AndroidManifest.xml:29:13-31:52
240                android:name="androidx.lifecycle.ProcessLifecycleInitializer"
240-->[androidx.lifecycle:lifecycle-process:2.6.1] AndroidManifest.xml:30:17-78
241                android:value="androidx.startup" />
241-->[androidx.lifecycle:lifecycle-process:2.6.1] AndroidManifest.xml:31:17-49
242            <meta-data
242-->[androidx.profileinstaller:profileinstaller:1.3.0] AndroidManifest.xml:29:13-31:52
243                android:name="androidx.profileinstaller.ProfileInstallerInitializer"
243-->[androidx.profileinstaller:profileinstaller:1.3.0] AndroidManifest.xml:30:17-85
244                android:value="androidx.startup" />
244-->[androidx.profileinstaller:profileinstaller:1.3.0] AndroidManifest.xml:31:17-49
245        </provider>
246
247        <meta-data
247-->[com.google.android.gms:play-services-basement:18.1.0] AndroidManifest.xml:21:9-23:69
248            android:name="com.google.android.gms.version"
248-->[com.google.android.gms:play-services-basement:18.1.0] AndroidManifest.xml:22:13-58
249            android:value="@integer/google_play_services_version" />
249-->[com.google.android.gms:play-services-basement:18.1.0] AndroidManifest.xml:23:13-66
250
251        <receiver
251-->[androidx.profileinstaller:profileinstaller:1.3.0] AndroidManifest.xml:34:9-52:20
252            android:name="androidx.profileinstaller.ProfileInstallReceiver"
252-->[androidx.profileinstaller:profileinstaller:1.3.0] AndroidManifest.xml:35:13-76
253            android:directBootAware="false"
253-->[androidx.profileinstaller:profileinstaller:1.3.0] AndroidManifest.xml:36:13-44
254            android:enabled="true"
254-->[androidx.profileinstaller:profileinstaller:1.3.0] AndroidManifest.xml:37:13-35
255            android:exported="true"
255-->[androidx.profileinstaller:profileinstaller:1.3.0] AndroidManifest.xml:38:13-36
256            android:permission="android.permission.DUMP" >
256-->[androidx.profileinstaller:profileinstaller:1.3.0] AndroidManifest.xml:39:13-57
257            <intent-filter>
257-->[androidx.profileinstaller:profileinstaller:1.3.0] AndroidManifest.xml:40:13-42:29
258                <action android:name="androidx.profileinstaller.action.INSTALL_PROFILE" />
258-->[androidx.profileinstaller:profileinstaller:1.3.0] AndroidManifest.xml:41:17-91
258-->[androidx.profileinstaller:profileinstaller:1.3.0] AndroidManifest.xml:41:25-88
259            </intent-filter>
260            <intent-filter>
260-->[androidx.profileinstaller:profileinstaller:1.3.0] AndroidManifest.xml:43:13-45:29
261                <action android:name="androidx.profileinstaller.action.SKIP_FILE" />
261-->[androidx.profileinstaller:profileinstaller:1.3.0] AndroidManifest.xml:44:17-85
261-->[androidx.profileinstaller:profileinstaller:1.3.0] AndroidManifest.xml:44:25-82
262            </intent-filter>
263            <intent-filter>
263-->[androidx.profileinstaller:profileinstaller:1.3.0] AndroidManifest.xml:46:13-48:29
264                <action android:name="androidx.profileinstaller.action.SAVE_PROFILE" />
264-->[androidx.profileinstaller:profileinstaller:1.3.0] AndroidManifest.xml:47:17-88
264-->[androidx.profileinstaller:profileinstaller:1.3.0] AndroidManifest.xml:47:25-85
265            </intent-filter>
266            <intent-filter>
266-->[androidx.profileinstaller:profileinstaller:1.3.0] AndroidManifest.xml:49:13-51:29
267                <action android:name="androidx.profileinstaller.action.BENCHMARK_OPERATION" />
267-->[androidx.profileinstaller:profileinstaller:1.3.0] AndroidManifest.xml:50:17-95
267-->[androidx.profileinstaller:profileinstaller:1.3.0] AndroidManifest.xml:50:25-92
268            </intent-filter>
269        </receiver>
270    </application>
271
272</manifest>